<?xml version="1.0" encoding="UTF-8"?>
<!-- Generated by org.testng.reporters.JUnitXMLReporter -->
<testsuite ignored="0" hostname="DESKTOP-VG7G83C" failures="0" tests="10" name="Test" time="10.369" errors="0" timestamp="2022-11-04T19:24:03 IST">
  <testcase classname="TestNg.TestNgExample_Edge" name="@BeforeTest launchURL" time="0.026">
    <failure type="org.openqa.selenium.NoSuchWindowException" message="no such window: target window already closed
from unknown error: web view not found
  (Session info: MicrosoftEdge=107.0.1418.26)
Build info: version: &amp;apos;4.5.3&amp;apos;, revision: &amp;apos;4b786a1e430&amp;apos;
System info: os.name: &amp;apos;Windows 10&amp;apos;, os.arch: &amp;apos;amd64&amp;apos;, os.version: &amp;apos;10.0&amp;apos;, java.version: &amp;apos;18.0.2&amp;apos;
Driver info: org.openqa.selenium.edge.EdgeDriver
Command: [43ec8ee1fc628cffb90492ea87fcba50, get {url=https://opensource-demo.orangehrmlive.com/web/index.php/auth/login}]
Capabilities {acceptInsecureCerts: false, browserName: msedge, browserVersion: 107.0.1418.26, ms:edgeOptions: {debuggerAddress: localhost:53623}, msedge: {msedgedriverVersion: 106.0.1370.34 (98f12923bce2..., userDataDir: C:\Users\prate\AppData\Loca...}, networkConnectionEnabled: false, pageLoadStrategy: normal, platformName: WINDOWS, proxy: Proxy(), se:cdp: ws://localhost:53623/devtoo..., se:cdpVersion: 107.0.1418.26, setWindowRect: true, strictFileInteractability: false, timeouts: {implicit: 0, pageLoad: 300000, script: 30000}, unhandledPromptBehavior: dismiss and notify, webauthn:extension:credBlob: true, webauthn:extension:largeBlob: true, webauthn:virtualAuthenticators: true}
Session ID: 43ec8ee1fc628cffb90492ea87fcba50">
      <![CDATA[org.openqa.selenium.NoSuchWindowException: no such window: target window already closed
from unknown error: web view not found
  (Session info: MicrosoftEdge=107.0.1418.26)
Build info: version: '4.5.3', revision: '4b786a1e430'
System info: os.name: 'Windows 10', os.arch: 'amd64', os.version: '10.0', java.version: '18.0.2'
Driver info: org.openqa.selenium.edge.EdgeDriver
Command: [43ec8ee1fc628cffb90492ea87fcba50, get {url=https://opensource-demo.orangehrmlive.com/web/index.php/auth/login}]
Capabilities {acceptInsecureCerts: false, browserName: msedge, browserVersion: 107.0.1418.26, ms:edgeOptions: {debuggerAddress: localhost:53623}, msedge: {msedgedriverVersion: 106.0.1370.34 (98f12923bce2..., userDataDir: C:\Users\prate\AppData\Loca...}, networkConnectionEnabled: false, pageLoadStrategy: normal, platformName: WINDOWS, proxy: Proxy(), se:cdp: ws://localhost:53623/devtoo..., se:cdpVersion: 107.0.1418.26, setWindowRect: true, strictFileInteractability: false, timeouts: {implicit: 0, pageLoad: 300000, script: 30000}, unhandledPromptBehavior: dismiss and notify, webauthn:extension:credBlob: true, webauthn:extension:largeBlob: true, webauthn:virtualAuthenticators: true}
Session ID: 43ec8ee1fc628cffb90492ea87fcba50
at org.openqa.selenium.remote.codec.w3c.W3CHttpResponseCodec.createException(W3CHttpResponseCodec.java:200)
at org.openqa.selenium.remote.codec.w3c.W3CHttpResponseCodec.decode(W3CHttpResponseCodec.java:133)
at org.openqa.selenium.remote.codec.w3c.W3CHttpResponseCodec.decode(W3CHttpResponseCodec.java:53)
at org.openqa.selenium.remote.HttpCommandExecutor.execute(HttpCommandExecutor.java:184)
at org.openqa.selenium.remote.service.DriverCommandExecutor.invokeExecute(DriverCommandExecutor.java:167)
at org.openqa.selenium.remote.service.DriverCommandExecutor.execute(DriverCommandExecutor.java:142)
at org.openqa.selenium.remote.RemoteWebDriver.execute(RemoteWebDriver.java:541)
at org.openqa.selenium.remote.RemoteWebDriver.get(RemoteWebDriver.java:310)
at TestNg.TestNgExample_Edge.launchURL(TestNgExample_Edge.java:32)
... Removed 25 stack frames]]>
    </failure>
  </testcase> <!-- @BeforeTest launchURL -->
  <testcase classname="TestNg.TestNgExample_Chrome" name="@BeforeClass maximizeBrowser" time="0.0">
    <skipped/>
  </testcase> <!-- @BeforeClass maximizeBrowser -->
  <testcase classname="TestNg.TestNgExample_Edge" name="@BeforeClass maximizeBrowser" time="0.0">
    <skipped/>
  </testcase> <!-- @BeforeClass maximizeBrowser -->
  <testcase classname="TestNg.TestNgExample2" name="@BeforeClass maximizeBrowser" time="0.0">
    <skipped/>
  </testcase> <!-- @BeforeClass maximizeBrowser -->
  <testcase classname="TestNg.TestNgExample_Chrome" name="enterUsername" time="0.0">
    <skipped/>
  </testcase> <!-- enterUsername -->
  <testcase classname="TestNg.TestNgExample_Chrome" name="enterPassword" time="0.0">
    <skipped/>
  </testcase> <!-- enterPassword -->
  <testcase classname="TestNg.TestNgExample_Chrome" name="ClickLogin" time="0.0">
    <skipped/>
  </testcase> <!-- ClickLogin -->
  <testcase classname="TestNg.TestNgExample_Edge" name="enterUsername" time="0.0">
    <skipped/>
  </testcase> <!-- enterUsername -->
  <testcase classname="TestNg.TestNgExample_Edge" name="enterPassword" time="0.0">
    <skipped/>
  </testcase> <!-- enterPassword -->
  <testcase classname="TestNg.TestNgExample_Edge" name="ClickLogin" time="0.0">
    <skipped/>
  </testcase> <!-- ClickLogin -->
  <testcase classname="TestNg.TestNgExample2" name="enterUsername" time="0.0">
    <skipped/>
  </testcase> <!-- enterUsername -->
  <testcase classname="TestNg.TestNgExample1" name="verify" time="0.0">
    <skipped/>
  </testcase> <!-- verify -->
  <testcase classname="TestNg.TestNgExample2" name="enterPassword" time="0.0">
    <skipped/>
  </testcase> <!-- enterPassword -->
  <testcase classname="TestNg.TestNgExample2" name="ClickLogin" time="0.0">
    <skipped/>
  </testcase> <!-- ClickLogin -->
</testsuite> <!-- Test -->
